<?xml version="1.0" encoding="UTF-8"?>
<!-- Generated by org.testng.reporters.JUnitReportReporter -->
<testsuite hostname="LAPTOP-J81SHHRK" failures="0" tests="1" name="HRMProjects.Project2" time="4.819" errors="0" timestamp="2024-07-16T11:56:33 IST" skipped="0">
  <testcase classname="HRMProjects.Project2" name="createtProject" time="4.819"/>
  <system-out/>
</testsuite> <!-- HRMProjects.Project2 -->
