<?xml version="1.0" encoding="UTF-8"?>
<!-- Generated by org.testng.reporters.JUnitReportReporter -->
<testsuite hostname="LAPTOP-J81SHHRK" failures="0" tests="1" name="Projects.Sample" time="1.000" errors="0" timestamp="2024-07-16T10:26:42 IST" skipped="0">
  <testcase classname="Projects.Sample" name="demo" time="1.000"/>
  <system-out/>
</testsuite> <!-- Projects.Sample -->
