<?xml version="1.0" encoding="UTF-8"?>
<!-- Generated by org.testng.reporters.JUnitReportReporter -->
<testsuite hostname="LAPTOP-J81SHHRK" failures="0" tests="10" name="HRMProjects.Project" time="20.815" errors="0" timestamp="2024-07-16T16:49:40 IST" skipped="0">
  <testcase classname="HRMProjects.Project" name="createProjectTest" time="1.663"/>
  <system-out/>
  <testcase classname="HRMProjects.Project" name="createProjectTest" time="2.200"/>
  <system-out/>
  <testcase classname="HRMProjects.Project" name="createProjectTest" time="3.438"/>
  <system-out/>
  <testcase classname="HRMProjects.Project" name="createProjectTest" time="1.902"/>
  <system-out/>
  <testcase classname="HRMProjects.Project" name="createProjectTest" time="2.009"/>
  <system-out/>
  <testcase classname="HRMProjects.Project" name="createProjectTest" time="1.724"/>
  <system-out/>
  <testcase classname="HRMProjects.Project" name="createProjectTest" time="2.037"/>
  <system-out/>
  <testcase classname="HRMProjects.Project" name="createProjectTest" time="1.991"/>
  <system-out/>
  <testcase classname="HRMProjects.Project" name="createProjectTest" time="2.049"/>
  <system-out/>
  <testcase classname="HRMProjects.Project" name="createProjectTest" time="1.802"/>
  <system-out/>
</testsuite> <!-- HRMProjects.Project -->
